[0105/115021.327:ERROR:directory_reader_win.cc(43)] FindFirstFile: The system cannot find the path specified. (0x3)
[0106/112602.210:ERROR:directory_reader_win.cc(43)] FindFirstFile: The system cannot find the path specified. (0x3)
[0107/210520.737:ERROR:directory_reader_win.cc(43)] FindFirstFile: The system cannot find the path specified. (0x3)
<<<<<<< HEAD
[0119/133622.384:ERROR:directory_reader_win.cc(43)] FindFirstFile: The system cannot find the path specified. (0x3)
[0125/090150.800:ERROR:directory_reader_win.cc(43)] FindFirstFile: The system cannot find the path specified. (0x3)
[0125/145624.797:ERROR:process_memory_win.cc(73)] ReadMemory at 0x25b45cd2060 of 72 bytes failed: Only part of a ReadProcessMemory or WriteProcessMemory request was completed. (0x12B)
[0125/145625.503:WARNING:pe_image_annotations_reader.cc(135)] could not read annotations list object in C:\Program Files (x86)\Google\Chrome\Application\87.0.4280.141\chrome_elf.dll
[0125/145625.504:ERROR:process_memory_win.cc(73)] ReadMemory at 0x25b45d1cd30 of 72 bytes failed: Only part of a ReadProcessMemory or WriteProcessMemory request was completed. (0x12B)
[0125/145625.504:WARNING:pe_image_annotations_reader.cc(135)] could not read annotations list object in C:\Program Files (x86)\Google\Chrome\Application\87.0.4280.141\chrome.dll
[0125/145625.886:ERROR:process_memory_win.cc(73)] ReadMemory at 0x7ff7010e0000 of 64 bytes failed: Only part of a ReadProcessMemory or WriteProcessMemory request was completed. (0x12B)
[0125/145625.886:WARNING:pe_image_reader.cc(340)] could not read dos header from C:\Program Files (x86)\Google\Chrome\Application\chrome.exe
[0125/145625.886:ERROR:process_memory_win.cc(73)] ReadMemory at 0x7ffab7e30000 of 64 bytes failed: Only part of a ReadProcessMemory or WriteProcessMemory request was completed. (0x12B)
[0125/145625.886:WARNING:pe_image_reader.cc(340)] could not read dos header from C:\WINDOWS\SYSTEM32\ntdll.dll
[0125/145625.886:ERROR:process_memory_win.cc(73)] ReadMemory at 0x7ffab7a60000 of 64 bytes failed: Only part of a ReadProcessMemory or WriteProcessMemory request was completed. (0x12B)
[0125/145625.886:WARNING:pe_image_reader.cc(340)] could not read dos header from C:\WINDOWS\System32\KERNEL32.DLL
[0125/145625.886:ERROR:process_memory_win.cc(73)] ReadMemory at 0x7ffab4730000 of 64 bytes failed: Only part of a ReadProcessMemory or WriteProcessMemory request was completed. (0x12B)
[0125/145625.886:WARNING:pe_image_reader.cc(340)] could not read dos header from C:\WINDOWS\System32\KERNELBASE.dll
[0125/145625.886:ERROR:process_memory_win.cc(73)] ReadMemory at 0x7ffa972d0000 of 64 bytes failed: Only part of a ReadProcessMemory or WriteProcessMemory request was completed. (0x12B)
[0125/145625.886:WARNING:pe_image_reader.cc(340)] could not read dos header from C:\Program Files (x86)\Google\Chrome\Application\87.0.4280.141\chrome_elf.dll
[0125/145625.886:ERROR:process_memory_win.cc(73)] ReadMemory at 0x7ffaa9960000 of 64 bytes failed: Only part of a ReadProcessMemory or WriteProcessMemory request was completed. (0x12B)
[0125/145625.886:WARNING:pe_image_reader.cc(340)] could not read dos header from C:\WINDOWS\SYSTEM32\VERSION.dll
[0125/145625.886:ERROR:process_memory_win.cc(73)] ReadMemory at 0x7ffab5bf0000 of 64 bytes failed: Only part of a ReadProcessMemory or WriteProcessMemory request was completed. (0x12B)
[0125/145625.886:WARNING:pe_image_reader.cc(340)] could not read dos header from C:\WINDOWS\System32\msvcrt.dll
[0125/145625.886:ERROR:process_memory_win.cc(73)] ReadMemory at 0x7ffab4420000 of 64 bytes failed: Only part of a ReadProcessMemory or WriteProcessMemory request was completed. (0x12B)
[0125/145625.886:WARNING:pe_image_reader.cc(340)] could not read dos header from C:\WINDOWS\System32\bcryptPrimitives.dll
[0125/145625.886:ERROR:process_memory_win.cc(73)] ReadMemory at 0x7ffab60b0000 of 64 bytes failed: Only part of a ReadProcessMemory or WriteProcessMemory request was completed. (0x12B)
[0125/145625.886:WARNING:pe_image_reader.cc(340)] could not read dos header from C:\WINDOWS\System32\ADVAPI32.dll
[0125/145625.886:ERROR:process_memory_win.cc(73)] ReadMemory at 0x7ffab5e30000 of 64 bytes failed: Only part of a ReadProcessMemory or WriteProcessMemory request was completed. (0x12B)
[0125/145625.886:WARNING:pe_image_reader.cc(340)] could not read dos header from C:\WINDOWS\System32\sechost.dll
[0125/145625.887:ERROR:process_memory_win.cc(73)] ReadMemory at 0x7ffab5ac0000 of 64 bytes failed: Only part of a ReadProcessMemory or WriteProcessMemory request was completed. (0x12B)
[0125/145625.887:WARNING:pe_image_reader.cc(340)] could not read dos header from C:\WINDOWS\System32\RPCRT4.dll
[0125/145625.887:ERROR:process_memory_win.cc(73)] ReadMemory at 0x7ffa697c0000 of 64 bytes failed: Only part of a ReadProcessMemory or WriteProcessMemory request was completed. (0x12B)
[0125/145625.887:WARNING:pe_image_reader.cc(340)] could not read dos header from C:\Program Files (x86)\Google\Chrome\Application\87.0.4280.141\chrome.dll
[0125/145625.887:ERROR:process_memory_win.cc(73)] ReadMemory at 0x7ffab7d90000 of 64 bytes failed: Only part of a ReadProcessMemory or WriteProcessMemory request was completed. (0x12B)
[0125/145625.887:WARNING:pe_image_reader.cc(340)] could not read dos header from C:\WINDOWS\System32\WS2_32.dll
[0125/145625.887:ERROR:process_memory_win.cc(73)] ReadMemory at 0x7ffab52c0000 of 64 bytes failed: Only part of a ReadProcessMemory or WriteProcessMemory request was completed. (0x12B)
[0125/145625.887:WARNING:pe_image_reader.cc(340)] could not read dos header from C:\WINDOWS\System32\OLEAUT32.dll
[0125/145625.887:ERROR:process_memory_win.cc(73)] ReadMemory at 0x7ffab4690000 of 64 bytes failed: Only part of a ReadProcessMemory or WriteProcessMemory request was completed. (0x12B)
[0125/145625.887:WARNING:pe_image_reader.cc(340)] could not read dos header from C:\WINDOWS\System32\msvcp_win.dll
[0125/145625.887:ERROR:process_memory_win.cc(73)] ReadMemory at 0x7ffab42a0000 of 64 bytes failed: Only part of a ReadProcessMemory or WriteProcessMemory request was completed. (0x12B)
[0125/145625.887:WARNING:pe_image_reader.cc(340)] could not read dos header from C:\WINDOWS\System32\ucrtbase.dll
[0125/145625.887:ERROR:process_memory_win.cc(73)] ReadMemory at 0x7ffab5470000 of 64 bytes failed: Only part of a ReadProcessMemory or WriteProcessMemory request was completed. (0x12B)
[0125/145625.887:WARNING:pe_image_reader.cc(340)] could not read dos header from C:\WINDOWS\System32\combase.dll
[0125/145625.887:ERROR:process_memory_win.cc(73)] ReadMemory at 0x7ffab43a0000 of 64 bytes failed: Only part of a ReadProcessMemory or WriteProcessMemory request was completed. (0x12B)
[0125/145625.887:WARNING:pe_image_reader.cc(340)] could not read dos header from C:\WINDOWS\System32\WINTRUST.dll
[0125/145625.887:ERROR:process_memory_win.cc(73)] ReadMemory at 0x7ffab4160000 of 64 bytes failed: Only part of a ReadProcessMemory or WriteProcessMemory request was completed. (0x12B)
[0125/145625.887:WARNING:pe_image_reader.cc(340)] could not read dos header from C:\WINDOWS\System32\MSASN1.dll
[0125/145625.887:ERROR:process_memory_win.cc(73)] ReadMemory at 0x7ffab50c0000 of 64 bytes failed: Only part of a ReadProcessMemory or WriteProcessMemory request was completed. (0x12B)
[0125/145625.887:WARNING:pe_image_reader.cc(340)] could not read dos header from C:\WINDOWS\System32\CRYPT32.dll
[0125/145625.887:ERROR:process_memory_win.cc(73)] ReadMemory at 0x7ffaa5c60000 of 64 bytes failed: Only part of a ReadProcessMemory or WriteProcessMemory request was completed. (0x12B)
[0125/145625.887:WARNING:pe_image_reader.cc(340)] could not read dos header from C:\WINDOWS\SYSTEM32\dbghelp.dll
[0125/145625.887:ERROR:process_memory_win.cc(73)] ReadMemory at 0x7ffab3700000 of 64 bytes failed: Only part of a ReadProcessMemory or WriteProcessMemory request was completed. (0x12B)
[0125/145625.887:WARNING:pe_image_reader.cc(340)] could not read dos header from C:\WINDOWS\SYSTEM32\IPHLPAPI.DLL
[0125/145625.888:ERROR:process_memory_win.cc(73)] ReadMemory at 0x7ffaae300000 of 64 bytes failed: Only part of a ReadProcessMemory or WriteProcessMemory request was completed. (0x12B)
[0125/145625.888:WARNING:pe_image_reader.cc(340)] could not read dos header from C:\WINDOWS\SYSTEM32\WINMM.dll
[0125/145625.888:ERROR:process_memory_win.cc(73)] ReadMemory at 0x7ffa910d0000 of 64 bytes failed: Only part of a ReadProcessMemory or WriteProcessMemory request was completed. (0x12B)
[0125/145625.888:WARNING:pe_image_reader.cc(340)] could not read dos header from C:\WINDOWS\SYSTEM32\UIAutomationCore.DLL
[0125/145625.888:ERROR:process_memory_win.cc(73)] ReadMemory at 0x7ffaa8490000 of 64 bytes failed: Only part of a ReadProcessMemory or WriteProcessMemory request was completed. (0x12B)
[0125/145625.888:WARNING:pe_image_reader.cc(340)] could not read dos header from C:\WINDOWS\SYSTEM32\Secur32.dll
[0125/145625.888:ERROR:process_memory_win.cc(73)] ReadMemory at 0x7ffab4060000 of 64 bytes failed: Only part of a ReadProcessMemory or WriteProcessMemory request was completed. (0x12B)
[0125/145625.888:WARNING:pe_image_reader.cc(340)] could not read dos header from C:\WINDOWS\SYSTEM32\USERENV.dll
[0125/145625.888:ERROR:process_memory_win.cc(73)] ReadMemory at 0x7ffab4140000 of 64 bytes failed: Only part of a ReadProcessMemory or WriteProcessMemory request was completed. (0x12B)
[0125/145625.888:WARNING:pe_image_reader.cc(340)] could not read dos header from C:\WINDOWS\System32\profapi.dll
[0125/145625.888:ERROR:process_memory_win.cc(73)] ReadMemory at 0x7ffaa5350000 of 64 bytes failed: Only part of a ReadProcessMemory or WriteProcessMemory request was completed. (0x12B)
[0125/145625.888:WARNING:pe_image_reader.cc(340)] could not read dos header from C:\WINDOWS\SYSTEM32\DWrite.dll
[0125/145625.888:ERROR:process_memory_win.cc(73)] ReadMemory at 0x7ffaaf010000 of 64 bytes failed: Only part of a ReadProcessMemory or WriteProcessMemory request was completed. (0x12B)
[0125/145625.888:WARNING:pe_image_reader.cc(340)] could not read dos header from C:\WINDOWS\SYSTEM32\WINSPOOL.DRV
[0125/145625.888:ERROR:process_memory_win.cc(73)] ReadMemory at 0x7ffab4180000 of 64 bytes failed: Only part of a ReadProcessMemory or WriteProcessMemory request was completed. (0x12B)
[0125/145625.888:WARNING:pe_image_reader.cc(340)] could not read dos header from C:\WINDOWS\System32\kernel.appcore.dll
[0125/145625.888:ERROR:process_memory_win.cc(73)] ReadMemory at 0x7ffaafe50000 of 64 bytes failed: Only part of a ReadProcessMemory or WriteProcessMemory request was completed. (0x12B)
[0125/145625.888:WARNING:pe_image_reader.cc(340)] could not read dos header from C:\WINDOWS\SYSTEM32\WINHTTP.dll
[0125/145625.888:ERROR:process_memory_win.cc(73)] ReadMemory at 0x7ffaae6d0000 of 64 bytes failed: Only part of a ReadProcessMemory or WriteProcessMemory request was completed. (0x12B)
[0125/145625.888:WARNING:pe_image_reader.cc(340)] could not read dos header from C:\WINDOWS\SYSTEM32\dhcpcsvc.DLL
[0125/145625.888:ERROR:process_memory_win.cc(73)] ReadMemory at 0x7ffab52b0000 of 64 bytes failed: Only part of a ReadProcessMemory or WriteProcessMemory request was completed. (0x12B)
[0125/145625.888:WARNING:pe_image_reader.cc(340)] could not read dos header from C:\WINDOWS\System32\NSI.dll
[0125/145625.888:ERROR:process_memory_win.cc(73)] ReadMemory at 0x7ffaae2d0000 of 64 bytes failed: Only part of a ReadProcessMemory or WriteProcessMemory request was completed. (0x12B)
[0125/145625.888:WARNING:pe_image_reader.cc(340)] could not read dos header from C:\WINDOWS\SYSTEM32\WINMMBASE.dll
[0125/145625.888:ERROR:process_memory_win.cc(73)] ReadMemory at 0x7ffab4640000 of 64 bytes failed: Only part of a ReadProcessMemory or WriteProcessMemory request was completed. (0x12B)
[0125/145625.888:WARNING:pe_image_reader.cc(340)] could not read dos header from C:\WINDOWS\System32\cfgmgr32.dll
[0125/145625.888:ERROR:process_memory_win.cc(73)] ReadMemory at 0x7ffab2490000 of 64 bytes failed: Only part of a ReadProcessMemory or WriteProcessMemory request was completed. (0x12B)
[0125/145625.888:WARNING:pe_image_reader.cc(340)] could not read dos header from C:\WINDOWS\SYSTEM32\PROPSYS.dll
[0125/145625.888:ERROR:process_memory_win.cc(73)] ReadMemory at 0x7ffab7cb0000 of 64 bytes failed: Only part of a ReadProcessMemory or WriteProcessMemory request was completed. (0x12B)
[0125/145625.889:WARNING:pe_image_reader.cc(340)] could not read dos header from C:\WINDOWS\System32\shcore.dll
[0125/145625.889:ERROR:process_memory_win.cc(73)] ReadMemory at 0x7ffab3c90000 of 64 bytes failed: Only part of a ReadProcessMemory or WriteProcessMemory request was completed. (0x12B)
[0125/145625.889:WARNING:pe_image_reader.cc(340)] could not read dos header from C:\WINDOWS\SYSTEM32\bcrypt.dll
[0125/145625.889:ERROR:process_memory_win.cc(73)] ReadMemory at 0x7ffab4030000 of 64 bytes failed: Only part of a ReadProcessMemory or WriteProcessMemory request was completed. (0x12B)
[0125/145625.889:WARNING:pe_image_reader.cc(340)] could not read dos header from C:\WINDOWS\SYSTEM32\SSPICLI.DLL
[0125/145625.889:ERROR:process_memory_win.cc(73)] ReadMemory at 0x7ffab3b80000 of 64 bytes failed: Only part of a ReadProcessMemory or WriteProcessMemory request was completed. (0x12B)
[0125/145625.889:WARNING:pe_image_reader.cc(340)] could not read dos header from C:\WINDOWS\SYSTEM32\CRYPTBASE.DLL
[0125/145625.889:ERROR:process_memory_win.cc(73)] ReadMemory at 0x7ff7010e0000 of 64 bytes failed: Only part of a ReadProcessMemory or WriteProcessMemory request was completed. (0x12B)
[0125/145625.889:WARNING:pe_image_reader.cc(340)] could not read dos header from C:\Program Files (x86)\Google\Chrome\Application\chrome.exe
[0125/145625.889:ERROR:process_memory_win.cc(73)] ReadMemory at 0x7ffab7e30000 of 64 bytes failed: Only part of a ReadProcessMemory or WriteProcessMemory request was completed. (0x12B)
[0125/145625.889:WARNING:pe_image_reader.cc(340)] could not read dos header from C:\WINDOWS\SYSTEM32\ntdll.dll
[0125/145625.889:ERROR:process_memory_win.cc(73)] ReadMemory at 0x7ffab7a60000 of 64 bytes failed: Only part of a ReadProcessMemory or WriteProcessMemory request was completed. (0x12B)
[0125/145625.889:WARNING:pe_image_reader.cc(340)] could not read dos header from C:\WINDOWS\System32\KERNEL32.DLL
[0125/145625.889:ERROR:process_memory_win.cc(73)] ReadMemory at 0x7ffab4730000 of 64 bytes failed: Only part of a ReadProcessMemory or WriteProcessMemory request was completed. (0x12B)
[0125/145625.889:WARNING:pe_image_reader.cc(340)] could not read dos header from C:\WINDOWS\System32\KERNELBASE.dll
[0125/145625.889:ERROR:process_memory_win.cc(73)] ReadMemory at 0x7ffa972d0000 of 64 bytes failed: Only part of a ReadProcessMemory or WriteProcessMemory request was completed. (0x12B)
[0125/145625.889:WARNING:pe_image_reader.cc(340)] could not read dos header from C:\Program Files (x86)\Google\Chrome\Application\87.0.4280.141\chrome_elf.dll
[0125/145625.889:ERROR:process_memory_win.cc(73)] ReadMemory at 0x7ffaa9960000 of 64 bytes failed: Only part of a ReadProcessMemory or WriteProcessMemory request was completed. (0x12B)
[0125/145625.889:WARNING:pe_image_reader.cc(340)] could not read dos header from C:\WINDOWS\SYSTEM32\VERSION.dll
[0125/145625.889:ERROR:process_memory_win.cc(73)] ReadMemory at 0x7ffab5bf0000 of 64 bytes failed: Only part of a ReadProcessMemory or WriteProcessMemory request was completed. (0x12B)
[0125/145625.889:WARNING:pe_image_reader.cc(340)] could not read dos header from C:\WINDOWS\System32\msvcrt.dll
[0125/145625.889:ERROR:process_memory_win.cc(73)] ReadMemory at 0x7ffab4420000 of 64 bytes failed: Only part of a ReadProcessMemory or WriteProcessMemory request was completed. (0x12B)
[0125/145625.889:WARNING:pe_image_reader.cc(340)] could not read dos header from C:\WINDOWS\System32\bcryptPrimitives.dll
[0125/145625.889:ERROR:process_memory_win.cc(73)] ReadMemory at 0x7ffab60b0000 of 64 bytes failed: Only part of a ReadProcessMemory or WriteProcessMemory request was completed. (0x12B)
[0125/145625.889:WARNING:pe_image_reader.cc(340)] could not read dos header from C:\WINDOWS\System32\ADVAPI32.dll
[0125/145625.889:ERROR:process_memory_win.cc(73)] ReadMemory at 0x7ffab5e30000 of 64 bytes failed: Only part of a ReadProcessMemory or WriteProcessMemory request was completed. (0x12B)
[0125/145625.889:WARNING:pe_image_reader.cc(340)] could not read dos header from C:\WINDOWS\System32\sechost.dll
[0125/145625.889:ERROR:process_memory_win.cc(73)] ReadMemory at 0x7ffab5ac0000 of 64 bytes failed: Only part of a ReadProcessMemory or WriteProcessMemory request was completed. (0x12B)
[0125/145625.890:WARNING:pe_image_reader.cc(340)] could not read dos header from C:\WINDOWS\System32\RPCRT4.dll
[0125/145625.890:ERROR:process_memory_win.cc(73)] ReadMemory at 0x7ffa697c0000 of 64 bytes failed: Only part of a ReadProcessMemory or WriteProcessMemory request was completed. (0x12B)
[0125/145625.890:WARNING:pe_image_reader.cc(340)] could not read dos header from C:\Program Files (x86)\Google\Chrome\Application\87.0.4280.141\chrome.dll
[0125/145625.890:ERROR:process_memory_win.cc(73)] ReadMemory at 0x7ffab7d90000 of 64 bytes failed: Only part of a ReadProcessMemory or WriteProcessMemory request was completed. (0x12B)
[0125/145625.890:WARNING:pe_image_reader.cc(340)] could not read dos header from C:\WINDOWS\System32\WS2_32.dll
[0125/145625.890:ERROR:process_memory_win.cc(73)] ReadMemory at 0x7ffab52c0000 of 64 bytes failed: Only part of a ReadProcessMemory or WriteProcessMemory request was completed. (0x12B)
[0125/145625.890:WARNING:pe_image_reader.cc(340)] could not read dos header from C:\WINDOWS\System32\OLEAUT32.dll
[0125/145625.890:ERROR:process_memory_win.cc(73)] ReadMemory at 0x7ffab4690000 of 64 bytes failed: Only part of a ReadProcessMemory or WriteProcessMemory request was completed. (0x12B)
[0125/145625.890:WARNING:pe_image_reader.cc(340)] could not read dos header from C:\WINDOWS\System32\msvcp_win.dll
[0125/145625.890:ERROR:process_memory_win.cc(73)] ReadMemory at 0x7ffab42a0000 of 64 bytes failed: Only part of a ReadProcessMemory or WriteProcessMemory request was completed. (0x12B)
[0125/145625.890:WARNING:pe_image_reader.cc(340)] could not read dos header from C:\WINDOWS\System32\ucrtbase.dll
[0125/145625.890:ERROR:process_memory_win.cc(73)] ReadMemory at 0x7ffab5470000 of 64 bytes failed: Only part of a ReadProcessMemory or WriteProcessMemory request was completed. (0x12B)
[0125/145625.890:WARNING:pe_image_reader.cc(340)] could not read dos header from C:\WINDOWS\System32\combase.dll
[0125/145625.890:ERROR:process_memory_win.cc(73)] ReadMemory at 0x7ffab43a0000 of 64 bytes failed: Only part of a ReadProcessMemory or WriteProcessMemory request was completed. (0x12B)
[0125/145625.890:WARNING:pe_image_reader.cc(340)] could not read dos header from C:\WINDOWS\System32\WINTRUST.dll
[0125/145625.890:ERROR:process_memory_win.cc(73)] ReadMemory at 0x7ffab4160000 of 64 bytes failed: Only part of a ReadProcessMemory or WriteProcessMemory request was completed. (0x12B)
[0125/145625.890:WARNING:pe_image_reader.cc(340)] could not read dos header from C:\WINDOWS\System32\MSASN1.dll
[0125/145625.890:ERROR:process_memory_win.cc(73)] ReadMemory at 0x7ffab50c0000 of 64 bytes failed: Only part of a ReadProcessMemory or WriteProcessMemory request was completed. (0x12B)
[0125/145625.890:WARNING:pe_image_reader.cc(340)] could not read dos header from C:\WINDOWS\System32\CRYPT32.dll
[0125/145625.890:ERROR:process_memory_win.cc(73)] ReadMemory at 0x7ffaa5c60000 of 64 bytes failed: Only part of a ReadProcessMemory or WriteProcessMemory request was completed. (0x12B)
[0125/145625.890:WARNING:pe_image_reader.cc(340)] could not read dos header from C:\WINDOWS\SYSTEM32\dbghelp.dll
[0125/145625.890:ERROR:process_memory_win.cc(73)] ReadMemory at 0x7ffab3700000 of 64 bytes failed: Only part of a ReadProcessMemory or WriteProcessMemory request was completed. (0x12B)
[0125/145625.890:WARNING:pe_image_reader.cc(340)] could not read dos header from C:\WINDOWS\SYSTEM32\IPHLPAPI.DLL
[0125/145625.890:ERROR:process_memory_win.cc(73)] ReadMemory at 0x7ffaae300000 of 64 bytes failed: Only part of a ReadProcessMemory or WriteProcessMemory request was completed. (0x12B)
[0125/145625.890:WARNING:pe_image_reader.cc(340)] could not read dos header from C:\WINDOWS\SYSTEM32\WINMM.dll
[0125/145625.890:ERROR:process_memory_win.cc(73)] ReadMemory at 0x7ffa910d0000 of 64 bytes failed: Only part of a ReadProcessMemory or WriteProcessMemory request was completed. (0x12B)
[0125/145625.890:WARNING:pe_image_reader.cc(340)] could not read dos header from C:\WINDOWS\SYSTEM32\UIAutomationCore.DLL
[0125/145625.890:ERROR:process_memory_win.cc(73)] ReadMemory at 0x7ffaa8490000 of 64 bytes failed: Only part of a ReadProcessMemory or WriteProcessMemory request was completed. (0x12B)
[0125/145625.890:WARNING:pe_image_reader.cc(340)] could not read dos header from C:\WINDOWS\SYSTEM32\Secur32.dll
[0125/145625.891:ERROR:process_memory_win.cc(73)] ReadMemory at 0x7ffab4060000 of 64 bytes failed: Only part of a ReadProcessMemory or WriteProcessMemory request was completed. (0x12B)
[0125/145625.891:WARNING:pe_image_reader.cc(340)] could not read dos header from C:\WINDOWS\SYSTEM32\USERENV.dll
[0125/145625.891:ERROR:process_memory_win.cc(73)] ReadMemory at 0x7ffab4140000 of 64 bytes failed: Only part of a ReadProcessMemory or WriteProcessMemory request was completed. (0x12B)
[0125/145625.891:WARNING:pe_image_reader.cc(340)] could not read dos header from C:\WINDOWS\System32\profapi.dll
[0125/145625.891:ERROR:process_memory_win.cc(73)] ReadMemory at 0x7ffaa5350000 of 64 bytes failed: Only part of a ReadProcessMemory or WriteProcessMemory request was completed. (0x12B)
[0125/145625.891:WARNING:pe_image_reader.cc(340)] could not read dos header from C:\WINDOWS\SYSTEM32\DWrite.dll
[0125/145625.891:ERROR:process_memory_win.cc(73)] ReadMemory at 0x7ffaaf010000 of 64 bytes failed: Only part of a ReadProcessMemory or WriteProcessMemory request was completed. (0x12B)
[0125/145625.891:WARNING:pe_image_reader.cc(340)] could not read dos header from C:\WINDOWS\SYSTEM32\WINSPOOL.DRV
[0125/145625.891:ERROR:process_memory_win.cc(73)] ReadMemory at 0x7ffab4180000 of 64 bytes failed: Only part of a ReadProcessMemory or WriteProcessMemory request was completed. (0x12B)
[0125/145625.891:WARNING:pe_image_reader.cc(340)] could not read dos header from C:\WINDOWS\System32\kernel.appcore.dll
[0125/145625.891:ERROR:process_memory_win.cc(73)] ReadMemory at 0x7ffaafe50000 of 64 bytes failed: Only part of a ReadProcessMemory or WriteProcessMemory request was completed. (0x12B)
[0125/145625.891:WARNING:pe_image_reader.cc(340)] could not read dos header from C:\WINDOWS\SYSTEM32\WINHTTP.dll
[0125/145625.891:ERROR:process_memory_win.cc(73)] ReadMemory at 0x7ffaae6d0000 of 64 bytes failed: Only part of a ReadProcessMemory or WriteProcessMemory request was completed. (0x12B)
[0125/145625.891:WARNING:pe_image_reader.cc(340)] could not read dos header from C:\WINDOWS\SYSTEM32\dhcpcsvc.DLL
[0125/145625.891:ERROR:process_memory_win.cc(73)] ReadMemory at 0x7ffab52b0000 of 64 bytes failed: Only part of a ReadProcessMemory or WriteProcessMemory request was completed. (0x12B)
[0125/145625.891:WARNING:pe_image_reader.cc(340)] could not read dos header from C:\WINDOWS\System32\NSI.dll
[0125/145625.891:ERROR:process_memory_win.cc(73)] ReadMemory at 0x7ffaae2d0000 of 64 bytes failed: Only part of a ReadProcessMemory or WriteProcessMemory request was completed. (0x12B)
[0125/145625.891:WARNING:pe_image_reader.cc(340)] could not read dos header from C:\WINDOWS\SYSTEM32\WINMMBASE.dll
[0125/145625.891:ERROR:process_memory_win.cc(73)] ReadMemory at 0x7ffab4640000 of 64 bytes failed: Only part of a ReadProcessMemory or WriteProcessMemory request was completed. (0x12B)
[0125/145625.891:WARNING:pe_image_reader.cc(340)] could not read dos header from C:\WINDOWS\System32\cfgmgr32.dll
[0125/145625.891:ERROR:process_memory_win.cc(73)] ReadMemory at 0x7ffab2490000 of 64 bytes failed: Only part of a ReadProcessMemory or WriteProcessMemory request was completed. (0x12B)
[0125/145625.891:WARNING:pe_image_reader.cc(340)] could not read dos header from C:\WINDOWS\SYSTEM32\PROPSYS.dll
[0125/145625.891:ERROR:process_memory_win.cc(73)] ReadMemory at 0x7ffab7cb0000 of 64 bytes failed: Only part of a ReadProcessMemory or WriteProcessMemory request was completed. (0x12B)
[0125/145625.891:WARNING:pe_image_reader.cc(340)] could not read dos header from C:\WINDOWS\System32\shcore.dll
[0125/145625.891:ERROR:process_memory_win.cc(73)] ReadMemory at 0x7ffab3c90000 of 64 bytes failed: Only part of a ReadProcessMemory or WriteProcessMemory request was completed. (0x12B)
[0125/145625.891:WARNING:pe_image_reader.cc(340)] could not read dos header from C:\WINDOWS\SYSTEM32\bcrypt.dll
[0125/145625.891:ERROR:process_memory_win.cc(73)] ReadMemory at 0x7ffab4030000 of 64 bytes failed: Only part of a ReadProcessMemory or WriteProcessMemory request was completed. (0x12B)
[0125/145625.892:WARNING:pe_image_reader.cc(340)] could not read dos header from C:\WINDOWS\SYSTEM32\SSPICLI.DLL
[0125/145625.892:ERROR:process_memory_win.cc(73)] ReadMemory at 0x7ffab3b80000 of 64 bytes failed: Only part of a ReadProcessMemory or WriteProcessMemory request was completed. (0x12B)
[0125/145625.892:WARNING:pe_image_reader.cc(340)] could not read dos header from C:\WINDOWS\SYSTEM32\CRYPTBASE.DLL
[0125/145625.931:ERROR:process_memory_win.cc(73)] ReadMemory at 0x888d5d5000 of 176128 bytes failed: Only part of a ReadProcessMemory or WriteProcessMemory request was completed. (0x12B)
[0125/145625.931:ERROR:process_memory_win.cc(73)] ReadMemory at 0x888ddfe000 of 8192 bytes failed: Only part of a ReadProcessMemory or WriteProcessMemory request was completed. (0x12B)
[0125/145625.932:ERROR:process_memory_win.cc(73)] ReadMemory at 0x888edfe000 of 8192 bytes failed: Only part of a ReadProcessMemory or WriteProcessMemory request was completed. (0x12B)
[0125/145625.932:ERROR:process_memory_win.cc(73)] ReadMemory at 0x888f5fd000 of 12288 bytes failed: Only part of a ReadProcessMemory or WriteProcessMemory request was completed. (0x12B)
[0125/145625.932:ERROR:process_memory_win.cc(73)] ReadMemory at 0x88905ff000 of 4096 bytes failed: Only part of a ReadProcessMemory or WriteProcessMemory request was completed. (0x12B)
[0125/145625.932:ERROR:process_memory_win.cc(73)] ReadMemory at 0x8890dfe000 of 8192 bytes failed: Only part of a ReadProcessMemory or WriteProcessMemory request was completed. (0x12B)
[0125/145625.933:ERROR:process_memory_win.cc(73)] ReadMemory at 0x88915fc000 of 16384 bytes failed: Only part of a ReadProcessMemory or WriteProcessMemory request was completed. (0x12B)
[0125/145625.933:ERROR:process_memory_win.cc(73)] ReadMemory at 0x88925fe000 of 8192 bytes failed: Only part of a ReadProcessMemory or WriteProcessMemory request was completed. (0x12B)
[0125/145625.933:ERROR:process_memory_win.cc(73)] ReadMemory at 0x8892dfc000 of 16384 bytes failed: Only part of a ReadProcessMemory or WriteProcessMemory request was completed. (0x12B)
[0125/145625.933:ERROR:process_memory_win.cc(73)] ReadMemory at 0x88935fc000 of 16384 bytes failed: Only part of a ReadProcessMemory or WriteProcessMemory request was completed. (0x12B)
[0125/145625.933:ERROR:process_memory_win.cc(73)] ReadMemory at 0x8893dfe000 of 8192 bytes failed: Only part of a ReadProcessMemory or WriteProcessMemory request was completed. (0x12B)
[0125/145625.933:ERROR:process_memory_win.cc(73)] ReadMemory at 0x88945fe000 of 8192 bytes failed: Only part of a ReadProcessMemory or WriteProcessMemory request was completed. (0x12B)
[0125/145625.933:ERROR:process_memory_win.cc(73)] ReadMemory at 0x8891dfe000 of 8192 bytes failed: Only part of a ReadProcessMemory or WriteProcessMemory request was completed. (0x12B)
[0125/145625.934:ERROR:process_memory_win.cc(73)] ReadMemory at 0x888e5fc000 of 16384 bytes failed: Only part of a ReadProcessMemory or WriteProcessMemory request was completed. (0x12B)
[0125/145625.934:ERROR:process_memory_win.cc(73)] ReadMemory at 0x888fdff000 of 4096 bytes failed: Only part of a ReadProcessMemory or WriteProcessMemory request was completed. (0x12B)
[0125/145625.934:ERROR:process_memory_win.cc(73)] ReadMemory at 0x888cca8000 of 852 bytes failed: Only part of a ReadProcessMemory or WriteProcessMemory request was completed. (0x12B)
[0125/145625.934:ERROR:process_memory_win.cc(73)] ReadMemory at 0x888cca9000 of 6024 bytes failed: Only part of a ReadProcessMemory or WriteProcessMemory request was completed. (0x12B)
[0125/145625.934:ERROR:process_memory_win.cc(73)] ReadMemory at 0x888ccab000 of 6024 bytes failed: Only part of a ReadProcessMemory or WriteProcessMemory request was completed. (0x12B)
[0125/145625.934:ERROR:process_memory_win.cc(73)] ReadMemory at 0x888ccaf000 of 6024 bytes failed: Only part of a ReadProcessMemory or WriteProcessMemory request was completed. (0x12B)
[0125/145625.934:ERROR:process_memory_win.cc(73)] ReadMemory at 0x888ccb1000 of 6024 bytes failed: Only part of a ReadProcessMemory or WriteProcessMemory request was completed. (0x12B)
[0125/145625.934:ERROR:process_memory_win.cc(73)] ReadMemory at 0x888ccb5000 of 6024 bytes failed: Only part of a ReadProcessMemory or WriteProcessMemory request was completed. (0x12B)
[0125/145625.934:ERROR:process_memory_win.cc(73)] ReadMemory at 0x888ccb7000 of 6024 bytes failed: Only part of a ReadProcessMemory or WriteProcessMemory request was completed. (0x12B)
[0125/145625.934:ERROR:process_memory_win.cc(73)] ReadMemory at 0x888ccb9000 of 6024 bytes failed: Only part of a ReadProcessMemory or WriteProcessMemory request was completed. (0x12B)
[0125/145625.934:ERROR:process_memory_win.cc(73)] ReadMemory at 0x888ccbd000 of 6024 bytes failed: Only part of a ReadProcessMemory or WriteProcessMemory request was completed. (0x12B)
[0125/145625.935:ERROR:process_memory_win.cc(73)] ReadMemory at 0x888ccbf000 of 6024 bytes failed: Only part of a ReadProcessMemory or WriteProcessMemory request was completed. (0x12B)
[0125/145625.935:ERROR:process_memory_win.cc(73)] ReadMemory at 0x888ccc1000 of 6024 bytes failed: Only part of a ReadProcessMemory or WriteProcessMemory request was completed. (0x12B)
[0125/145625.935:ERROR:process_memory_win.cc(73)] ReadMemory at 0x888ccc3000 of 6024 bytes failed: Only part of a ReadProcessMemory or WriteProcessMemory request was completed. (0x12B)
[0125/145625.935:ERROR:process_memory_win.cc(73)] ReadMemory at 0x888cccd000 of 6024 bytes failed: Only part of a ReadProcessMemory or WriteProcessMemory request was completed. (0x12B)
[0125/145625.935:ERROR:process_memory_win.cc(73)] ReadMemory at 0x888cde9000 of 6024 bytes failed: Only part of a ReadProcessMemory or WriteProcessMemory request was completed. (0x12B)
[0125/145625.935:ERROR:process_memory_win.cc(73)] ReadMemory at 0x888cdeb000 of 6024 bytes failed: Only part of a ReadProcessMemory or WriteProcessMemory request was completed. (0x12B)
[0125/145625.935:ERROR:process_memory_win.cc(73)] ReadMemory at 0x888cdef000 of 6024 bytes failed: Only part of a ReadProcessMemory or WriteProcessMemory request was completed. (0x12B)
[0125/145625.935:ERROR:process_memory_win.cc(73)] ReadMemory at 0x25b45cc0000 of 384 bytes failed: Only part of a ReadProcessMemory or WriteProcessMemory request was completed. (0x12B)
[0125/145625.935:ERROR:process_memory_win.cc(73)] ReadMemory at 0x25b45cc0fc0 of 24544 bytes failed: Only part of a ReadProcessMemory or WriteProcessMemory request was completed. (0x12B)
[0125/145625.935:ERROR:process_memory_win.cc(73)] ReadMemory at 0x25b45cc6fb0 of 1012 bytes failed: Only part of a ReadProcessMemory or WriteProcessMemory request was completed. (0x12B)
[0125/145625.935:ERROR:process_memory_win.cc(73)] ReadMemory at 0x25b45cc75c8 of 118 bytes failed: Only part of a ReadProcessMemory or WriteProcessMemory request was completed. (0x12B)
[0125/145625.936:ERROR:process_memory_win.cc(73)] ReadMemory at 0x25b45cc7640 of 720 bytes failed: Only part of a ReadProcessMemory or WriteProcessMemory request was completed. (0x12B)
[0125/145625.936:ERROR:process_memory_win.cc(73)] ReadMemory at 0x25b45cc7912 of 118 bytes failed: Only part of a ReadProcessMemory or WriteProcessMemory request was completed. (0x12B)
[0125/145625.936:ERROR:process_memory_win.cc(73)] ReadMemory at 0x25b45cc798a of 96 bytes failed: Only part of a ReadProcessMemory or WriteProcessMemory request was completed. (0x12B)
[0125/145625.936:ERROR:process_memory_win.cc(73)] ReadMemory at 0x25b45cc7a00 of 58 bytes failed: Only part of a ReadProcessMemory or WriteProcessMemory request was completed. (0x12B)
[0125/145625.936:ERROR:process_memory_win.cc(73)] ReadMemory at 0x25b45cc7b00 of 132 bytes failed: Only part of a ReadProcessMemory or WriteProcessMemory request was completed. (0x12B)
[0125/145625.936:ERROR:process_memory_win.cc(73)] ReadMemory at 0x25b45cc7c90 of 132 bytes failed: Only part of a ReadProcessMemory or WriteProcessMemory request was completed. (0x12B)
[0125/145625.936:ERROR:process_memory_win.cc(73)] ReadMemory at 0x25b45cc7e50 of 126 bytes failed: Only part of a ReadProcessMemory or WriteProcessMemory request was completed. (0x12B)
[0125/145625.936:ERROR:process_memory_win.cc(73)] ReadMemory at 0x25b45cc8350 of 132 bytes failed: Only part of a ReadProcessMemory or WriteProcessMemory request was completed. (0x12B)
[0125/145625.936:ERROR:process_memory_win.cc(73)] ReadMemory at 0x25b45cc84e0 of 64 bytes failed: Only part of a ReadProcessMemory or WriteProcessMemory request was completed. (0x12B)
[0125/145625.936:ERROR:process_memory_win.cc(73)] ReadMemory at 0x25b45cc86a0 of 132 bytes failed: Only part of a ReadProcessMemory or WriteProcessMemory request was completed. (0x12B)
[0125/145625.936:ERROR:process_memory_win.cc(73)] ReadMemory at 0x25b45cc8930 of 132 bytes failed: Only part of a ReadProcessMemory or WriteProcessMemory request was completed. (0x12B)
[0125/145625.936:ERROR:process_memory_win.cc(73)] ReadMemory at 0x25b45cc8ac0 of 68 bytes failed: Only part of a ReadProcessMemory or WriteProcessMemory request was completed. (0x12B)
[0125/145625.936:ERROR:process_memory_win.cc(73)] ReadMemory at 0x25b45cc9950 of 132 bytes failed: Only part of a ReadProcessMemory or WriteProcessMemory request was completed. (0x12B)
[0125/145625.936:ERROR:process_memory_win.cc(73)] ReadMemory at 0x25b45cc9ae0 of 154 bytes failed: Only part of a ReadProcessMemory or WriteProcessMemory request was completed. (0x12B)
[0125/145625.936:ERROR:process_memory_win.cc(73)] ReadMemory at 0x25b45cca8c0 of 62 bytes failed: Only part of a ReadProcessMemory or WriteProcessMemory request was completed. (0x12B)
[0125/145625.937:ERROR:process_memory_win.cc(73)] ReadMemory at 0x25b45cca9f0 of 132 bytes failed: Only part of a ReadProcessMemory or WriteProcessMemory request was completed. (0x12B)
[0125/145625.937:ERROR:process_memory_win.cc(73)] ReadMemory at 0x25b45ccab80 of 60 bytes failed: Only part of a ReadProcessMemory or WriteProcessMemory request was completed. (0x12B)
[0125/145625.937:ERROR:process_memory_win.cc(73)] ReadMemory at 0x25b45ce0d90 of 80 bytes failed: Only part of a ReadProcessMemory or WriteProcessMemory request was completed. (0x12B)
[0125/145625.937:ERROR:process_memory_win.cc(73)] ReadMemory at 0x25b45ce1ad0 of 132 bytes failed: Only part of a ReadProcessMemory or WriteProcessMemory request was completed. (0x12B)
[0125/145625.937:ERROR:process_memory_win.cc(73)] ReadMemory at 0x25b45ce1e30 of 132 bytes failed: Only part of a ReadProcessMemory or WriteProcessMemory request was completed. (0x12B)
[0125/145625.937:ERROR:process_memory_win.cc(73)] ReadMemory at 0x25b45ce2350 of 132 bytes failed: Only part of a ReadProcessMemory or WriteProcessMemory request was completed. (0x12B)
[0125/145625.937:ERROR:process_memory_win.cc(73)] ReadMemory at 0x25b45ce2490 of 132 bytes failed: Only part of a ReadProcessMemory or WriteProcessMemory request was completed. (0x12B)
[0125/145625.937:ERROR:process_memory_win.cc(73)] ReadMemory at 0x25b45ce5980 of 132 bytes failed: Only part of a ReadProcessMemory or WriteProcessMemory request was completed. (0x12B)
[0125/145625.937:ERROR:process_memory_win.cc(73)] ReadMemory at 0x25b45ce5ca0 of 132 bytes failed: Only part of a ReadProcessMemory or WriteProcessMemory request was completed. (0x12B)
[0125/145625.937:ERROR:process_memory_win.cc(73)] ReadMemory at 0x25b45ce5ff0 of 64 bytes failed: Only part of a ReadProcessMemory or WriteProcessMemory request was completed. (0x12B)
[0125/145625.937:ERROR:process_memory_win.cc(73)] ReadMemory at 0x25b45ce6090 of 62 bytes failed: Only part of a ReadProcessMemory or WriteProcessMemory request was completed. (0x12B)
[0125/145625.937:ERROR:process_memory_win.cc(73)] ReadMemory at 0x25b45ce6130 of 64 bytes failed: Only part of a ReadProcessMemory or WriteProcessMemory request was completed. (0x12B)
[0125/145625.937:ERROR:process_memory_win.cc(73)] ReadMemory at 0x25b45ce61d0 of 66 bytes failed: Only part of a ReadProcessMemory or WriteProcessMemory request was completed. (0x12B)
[0125/145625.937:ERROR:process_memory_win.cc(73)] ReadMemory at 0x25b45ce62c0 of 62 bytes failed: Only part of a ReadProcessMemory or WriteProcessMemory request was completed. (0x12B)
[0125/145625.937:ERROR:process_memory_win.cc(73)] ReadMemory at 0x25b45ce6310 of 62 bytes failed: Only part of a ReadProcessMemory or WriteProcessMemory request was completed. (0x12B)
[0125/145625.938:ERROR:process_memory_win.cc(73)] ReadMemory at 0x25b45ce6360 of 64 bytes failed: Only part of a ReadProcessMemory or WriteProcessMemory request was completed. (0x12B)
[0125/145625.938:ERROR:process_memory_win.cc(73)] ReadMemory at 0x25b45ce63b0 of 64 bytes failed: Only part of a ReadProcessMemory or WriteProcessMemory request was completed. (0x12B)
[0125/145625.938:ERROR:process_memory_win.cc(73)] ReadMemory at 0x25b45ce64a0 of 60 bytes failed: Only part of a ReadProcessMemory or WriteProcessMemory request was completed. (0x12B)
[0125/145625.938:ERROR:process_memory_win.cc(73)] ReadMemory at 0x25b45ce64f0 of 62 bytes failed: Only part of a ReadProcessMemory or WriteProcessMemory request was completed. (0x12B)
[0125/145625.938:ERROR:process_memory_win.cc(73)] ReadMemory at 0x25b45ce6540 of 60 bytes failed: Only part of a ReadProcessMemory or WriteProcessMemory request was completed. (0x12B)
[0125/145625.938:ERROR:process_memory_win.cc(73)] ReadMemory at 0x25b45ce6590 of 66 bytes failed: Only part of a ReadProcessMemory or WriteProcessMemory request was completed. (0x12B)
[0125/145625.938:ERROR:process_memory_win.cc(73)] ReadMemory at 0x25b45ce6630 of 60 bytes failed: Only part of a ReadProcessMemory or WriteProcessMemory request was completed. (0x12B)
[0125/145625.938:ERROR:process_memory_win.cc(73)] ReadMemory at 0x25b45ce6720 of 62 bytes failed: Only part of a ReadProcessMemory or WriteProcessMemory request was completed. (0x12B)
[0125/145625.938:ERROR:process_memory_win.cc(73)] ReadMemory at 0x25b45ce67c0 of 64 bytes failed: Only part of a ReadProcessMemory or WriteProcessMemory request was completed. (0x12B)
[0125/145625.938:ERROR:process_memory_win.cc(73)] ReadMemory at 0x25b45ce6900 of 60 bytes failed: Only part of a ReadProcessMemory or WriteProcessMemory request was completed. (0x12B)
[0125/145625.938:ERROR:process_memory_win.cc(73)] ReadMemory at 0x25b45ce69f0 of 62 bytes failed: Only part of a ReadProcessMemory or WriteProcessMemory request was completed. (0x12B)
[0125/145625.938:ERROR:process_memory_win.cc(73)] ReadMemory at 0x25b45ce6a40 of 64 bytes failed: Only part of a ReadProcessMemory or WriteProcessMemory request was completed. (0x12B)
[0125/145625.939:ERROR:process_memory_win.cc(73)] ReadMemory at 0x25b45ce6ae0 of 60 bytes failed: Only part of a ReadProcessMemory or WriteProcessMemory request was completed. (0x12B)
[0125/145625.939:ERROR:process_memory_win.cc(73)] ReadMemory at 0x25b45ce6b80 of 64 bytes failed: Only part of a ReadProcessMemory or WriteProcessMemory request was completed. (0x12B)
[0125/145625.939:ERROR:process_memory_win.cc(73)] ReadMemory at 0x25b45ce6bd0 of 58 bytes failed: Only part of a ReadProcessMemory or WriteProcessMemory request was completed. (0x12B)
[0125/145625.939:ERROR:process_memory_win.cc(73)] ReadMemory at 0x25b45ce6c20 of 62 bytes failed: Only part of a ReadProcessMemory or WriteProcessMemory request was completed. (0x12B)
[0125/145625.939:ERROR:process_memory_win.cc(73)] ReadMemory at 0x25b45ce6c70 of 62 bytes failed: Only part of a ReadProcessMemory or WriteProcessMemory request was completed. (0x12B)
[0125/145625.939:ERROR:process_memory_win.cc(73)] ReadMemory at 0x25b45ce6cc0 of 64 bytes failed: Only part of a ReadProcessMemory or WriteProcessMemory request was completed. (0x12B)
[0125/145625.939:ERROR:process_memory_win.cc(73)] ReadMemory at 0x25b45ce6d60 of 62 bytes failed: Only part of a ReadProcessMemory or WriteProcessMemory request was completed. (0x12B)
[0125/145625.939:ERROR:process_memory_win.cc(73)] ReadMemory at 0x25b45ce6ea0 of 60 bytes failed: Only part of a ReadProcessMemory or WriteProcessMemory request was completed. (0x12B)
[0125/145625.939:ERROR:process_memory_win.cc(73)] ReadMemory at 0x25b45ce6ef0 of 62 bytes failed: Only part of a ReadProcessMemory or WriteProcessMemory request was completed. (0x12B)
[0125/145625.940:ERROR:process_memory_win.cc(73)] ReadMemory at 0x25b45ce7940 of 146 bytes failed: Only part of a ReadProcessMemory or WriteProcessMemory request was completed. (0x12B)
[0125/145625.940:ERROR:process_memory_win.cc(73)] ReadMemory at 0x25b45cebb90 of 132 bytes failed: Only part of a ReadProcessMemory or WriteProcessMemory request was completed. (0x12B)
[0125/145625.940:ERROR:process_memory_win.cc(73)] ReadMemory at 0x25b45ceed60 of 54 bytes failed: Only part of a ReadProcessMemory or WriteProcessMemory request was completed. (0x12B)
[0125/145625.940:ERROR:process_memory_win.cc(73)] ReadMemory at 0x25b45cf1460 of 132 bytes failed: Only part of a ReadProcessMemory or WriteProcessMemory request was completed. (0x12B)
[0125/145625.940:ERROR:process_memory_win.cc(73)] ReadMemory at 0x25b45cf1670 of 132 bytes failed: Only part of a ReadProcessMemory or WriteProcessMemory request was completed. (0x12B)
[0125/145625.940:ERROR:process_memory_win.cc(73)] ReadMemory at 0x25b45cf1de0 of 132 bytes failed: Only part of a ReadProcessMemory or WriteProcessMemory request was completed. (0x12B)
[0125/145625.940:ERROR:process_memory_win.cc(73)] ReadMemory at 0x25b45cf2800 of 80 bytes failed: Only part of a ReadProcessMemory or WriteProcessMemory request was completed. (0x12B)
[0125/145625.940:ERROR:process_memory_win.cc(73)] ReadMemory at 0x25b45cf2b60 of 76 bytes failed: Only part of a ReadProcessMemory or WriteProcessMemory request was completed. (0x12B)
[0125/145625.940:ERROR:process_memory_win.cc(73)] ReadMemory at 0x25b45cf4a40 of 132 bytes failed: Only part of a ReadProcessMemory or WriteProcessMemory request was completed. (0x12B)
[0125/145625.940:ERROR:process_memory_win.cc(73)] ReadMemory at 0x25b45cf4b70 of 132 bytes failed: Only part of a ReadProcessMemory or WriteProcessMemory request was completed. (0x12B)
[0125/145625.940:ERROR:process_memory_win.cc(73)] ReadMemory at 0x25b45cf4ca0 of 132 bytes failed: Only part of a ReadProcessMemory or WriteProcessMemory request was completed. (0x12B)
[0125/145625.940:ERROR:process_memory_win.cc(73)] ReadMemory at 0x25b45cf4dd0 of 132 bytes failed: Only part of a ReadProcessMemory or WriteProcessMemory request was completed. (0x12B)
[0125/145625.940:ERROR:process_memory_win.cc(73)] ReadMemory at 0x25b45cf4f00 of 132 bytes failed: Only part of a ReadProcessMemory or WriteProcessMemory request was completed. (0x12B)
[0125/145625.940:ERROR:process_memory_win.cc(73)] ReadMemory at 0x25b45cf5030 of 132 bytes failed: Only part of a ReadProcessMemory or WriteProcessMemory request was completed. (0x12B)
[0125/145625.940:ERROR:process_memory_win.cc(73)] ReadMemory at 0x25b45cf5160 of 132 bytes failed: Only part of a ReadProcessMemory or WriteProcessMemory request was completed. (0x12B)
[0125/145625.941:ERROR:process_memory_win.cc(73)] ReadMemory at 0x25b45cf5290 of 132 bytes failed: Only part of a ReadProcessMemory or WriteProcessMemory request was completed. (0x12B)
[0125/145625.941:ERROR:process_memory_win.cc(73)] ReadMemory at 0x25b45cf53c0 of 132 bytes failed: Only part of a ReadProcessMemory or WriteProcessMemory request was completed. (0x12B)
[0125/145625.941:ERROR:process_memory_win.cc(73)] ReadMemory at 0x25b45cf5620 of 132 bytes failed: Only part of a ReadProcessMemory or WriteProcessMemory request was completed. (0x12B)
[0125/145625.941:ERROR:process_memory_win.cc(73)] ReadMemory at 0x25b45cf5750 of 132 bytes failed: Only part of a ReadProcessMemory or WriteProcessMemory request was completed. (0x12B)
[0125/145625.941:ERROR:process_memory_win.cc(73)] ReadMemory at 0x25b45cf5880 of 132 bytes failed: Only part of a ReadProcessMemory or WriteProcessMemory request was completed. (0x12B)
[0125/145625.941:ERROR:process_memory_win.cc(73)] ReadMemory at 0x25b45cf5fc0 of 132 bytes failed: Only part of a ReadProcessMemory or WriteProcessMemory request was completed. (0x12B)
[0125/145625.941:ERROR:process_memory_win.cc(73)] ReadMemory at 0x25b45cf60f0 of 132 bytes failed: Only part of a ReadProcessMemory or WriteProcessMemory request was completed. (0x12B)
[0125/145625.941:ERROR:process_memory_win.cc(73)] ReadMemory at 0x25b45cf6220 of 132 bytes failed: Only part of a ReadProcessMemory or WriteProcessMemory request was completed. (0x12B)
[0125/145625.941:ERROR:process_memory_win.cc(73)] ReadMemory at 0x25b45cf66e0 of 132 bytes failed: Only part of a ReadProcessMemory or WriteProcessMemory request was completed. (0x12B)
[0125/145625.941:ERROR:process_memory_win.cc(73)] ReadMemory at 0x25b45cf6810 of 132 bytes failed: Only part of a ReadProcessMemory or WriteProcessMemory request was completed. (0x12B)
[0125/145625.941:ERROR:process_memory_win.cc(73)] ReadMemory at 0x25b45cf6a70 of 132 bytes failed: Only part of a ReadProcessMemory or WriteProcessMemory request was completed. (0x12B)
[0125/145625.941:ERROR:process_memory_win.cc(73)] ReadMemory at 0x25b45cf6ba0 of 132 bytes failed: Only part of a ReadProcessMemory or WriteProcessMemory request was completed. (0x12B)
[0125/145625.941:ERROR:process_memory_win.cc(73)] ReadMemory at 0x25b45cf6cd0 of 132 bytes failed: Only part of a ReadProcessMemory or WriteProcessMemory request was completed. (0x12B)
[0125/145625.942:ERROR:process_memory_win.cc(73)] ReadMemory at 0x25b45cf7650 of 132 bytes failed: Only part of a ReadProcessMemory or WriteProcessMemory request was completed. (0x12B)
[0125/145625.942:ERROR:process_memory_win.cc(73)] ReadMemory at 0x25b45cf79e0 of 132 bytes failed: Only part of a ReadProcessMemory or WriteProcessMemory request was completed. (0x12B)
[0125/145625.942:ERROR:process_memory_win.cc(73)] ReadMemory at 0x25b45d0a0f0 of 512 bytes failed: Only part of a ReadProcessMemory or WriteProcessMemory request was completed. (0x12B)
[0125/145625.942:ERROR:process_memory_win.cc(73)] ReadMemory at 0x25b45d41ac0 of 512 bytes failed: Only part of a ReadProcessMemory or WriteProcessMemory request was completed. (0x12B)
[0125/145625.942:ERROR:process_memory_win.cc(73)] ReadMemory at 0x25b45d421f0 of 512 bytes failed: Only part of a ReadProcessMemory or WriteProcessMemory request was completed. (0x12B)
[0125/145625.942:ERROR:process_memory_win.cc(73)] ReadMemory at 0x25b45d51c80 of 512 bytes failed: Only part of a ReadProcessMemory or WriteProcessMemory request was completed. (0x12B)
[0125/145625.942:ERROR:process_memory_win.cc(73)] ReadMemory at 0x25b45d7d350 of 512 bytes failed: Only part of a ReadProcessMemory or WriteProcessMemory request was completed. (0x12B)
[0125/145625.942:ERROR:process_memory_win.cc(73)] ReadMemory at 0x25b45d816f0 of 512 bytes failed: Only part of a ReadProcessMemory or WriteProcessMemory request was completed. (0x12B)
[0125/145625.942:ERROR:process_memory_win.cc(73)] ReadMemory at 0x25b45d83a48 of 512 bytes failed: Only part of a ReadProcessMemory or WriteProcessMemory request was completed. (0x12B)
[0125/145625.942:ERROR:process_memory_win.cc(73)] ReadMemory at 0x25b45d847c8 of 512 bytes failed: Only part of a ReadProcessMemory or WriteProcessMemory request was completed. (0x12B)
[0125/145625.942:ERROR:process_memory_win.cc(73)] ReadMemory at 0x25b45d85370 of 512 bytes failed: Only part of a ReadProcessMemory or WriteProcessMemory request was completed. (0x12B)
[0125/145625.942:ERROR:process_memory_win.cc(73)] ReadMemory at 0x25b45d86330 of 512 bytes failed: Only part of a ReadProcessMemory or WriteProcessMemory request was completed. (0x12B)
[0125/145625.942:ERROR:process_memory_win.cc(73)] ReadMemory at 0x25b45d903b0 of 512 bytes failed: Only part of a ReadProcessMemory or WriteProcessMemory request was completed. (0x12B)
[0125/145625.942:ERROR:process_memory_win.cc(73)] ReadMemory at 0x25b45d91070 of 712 bytes failed: Only part of a ReadProcessMemory or WriteProcessMemory request was completed. (0x12B)
[0125/145625.943:ERROR:process_memory_win.cc(73)] ReadMemory at 0x25b45da38f0 of 512 bytes failed: Only part of a ReadProcessMemory or WriteProcessMemory request was completed. (0x12B)
[0125/145625.943:ERROR:process_memory_win.cc(73)] ReadMemory at 0x25b45df0c40 of 656 bytes failed: Only part of a ReadProcessMemory or WriteProcessMemory request was completed. (0x12B)
[0125/145625.943:ERROR:process_memory_win.cc(73)] ReadMemory at 0x25b478307f0 of 512 bytes failed: Only part of a ReadProcessMemory or WriteProcessMemory request was completed. (0x12B)
[0125/145625.943:ERROR:process_memory_win.cc(73)] ReadMemory at 0x25b47860182 of 1028 bytes failed: Only part of a ReadProcessMemory or WriteProcessMemory request was completed. (0x12B)
[0125/145625.943:ERROR:process_memory_win.cc(73)] ReadMemory at 0x25b47864708 of 512 bytes failed: Only part of a ReadProcessMemory or WriteProcessMemory request was completed. (0x12B)
[0125/145625.943:ERROR:process_memory_win.cc(73)] ReadMemory at 0x25b47ab0e00 of 512 bytes failed: Only part of a ReadProcessMemory or WriteProcessMemory request was completed. (0x12B)
[0125/145625.943:ERROR:process_memory_win.cc(73)] ReadMemory at 0x25b484b4780 of 512 bytes failed: Only part of a ReadProcessMemory or WriteProcessMemory request was completed. (0x12B)
[0125/145625.943:ERROR:process_memory_win.cc(73)] ReadMemory at 0x25b48f60700 of 512 bytes failed: Only part of a ReadProcessMemory or WriteProcessMemory request was completed. (0x12B)
[0125/145625.943:ERROR:process_memory_win.cc(73)] ReadMemory at 0x25b4994b260 of 560 bytes failed: Only part of a ReadProcessMemory or WriteProcessMemory request was completed. (0x12B)
[0125/145625.943:ERROR:process_memory_win.cc(73)] ReadMemory at 0x25b4a0f8d80 of 528 bytes failed: Only part of a ReadProcessMemory or WriteProcessMemory request was completed. (0x12B)
[0125/145625.943:ERROR:process_memory_win.cc(73)] ReadMemory at 0x25b4a8d3cb0 of 512 bytes failed: Only part of a ReadProcessMemory or WriteProcessMemory request was completed. (0x12B)
[0125/145625.943:ERROR:process_memory_win.cc(73)] ReadMemory at 0x25b53c48db0 of 512 bytes failed: Only part of a ReadProcessMemory or WriteProcessMemory request was completed. (0x12B)
[0125/145625.944:ERROR:process_memory_win.cc(73)] ReadMemory at 0x25b56e31a20 of 512 bytes failed: Only part of a ReadProcessMemory or WriteProcessMemory request was completed. (0x12B)
[0125/145625.944:ERROR:process_memory_win.cc(73)] ReadMemory at 0x25b5c3a1640 of 656 bytes failed: Only part of a ReadProcessMemory or WriteProcessMemory request was completed. (0x12B)
[0125/145625.944:ERROR:process_memory_win.cc(73)] ReadMemory at 0x7ffa9730a8b7 of 512 bytes failed: Only part of a ReadProcessMemory or WriteProcessMemory request was completed. (0x12B)
[0125/145625.944:ERROR:process_memory_win.cc(73)] ReadMemory at 0x7ffab7a80e00 of 512 bytes failed: Only part of a ReadProcessMemory or WriteProcessMemory request was completed. (0x12B)
[0125/145625.944:ERROR:process_memory_win.cc(73)] ReadMemory at 0x7ffab7e46df1 of 512 bytes failed: Only part of a ReadProcessMemory or WriteProcessMemory request was completed. (0x12B)
[0125/145625.944:ERROR:process_memory_win.cc(73)] ReadMemory at 0x7ffab7e579f0 of 512 bytes failed: Only part of a ReadProcessMemory or WriteProcessMemory request was completed. (0x12B)
[0125/145625.944:ERROR:process_memory_win.cc(73)] ReadMemory at 0x7ffab7e582e0 of 512 bytes failed: Only part of a ReadProcessMemory or WriteProcessMemory request was completed. (0x12B)
[0125/145625.944:ERROR:process_memory_win.cc(73)] ReadMemory at 0x7ffab7e5a0d0 of 512 bytes failed: Only part of a ReadProcessMemory or WriteProcessMemory request was completed. (0x12B)
[0125/145625.944:ERROR:process_memory_win.cc(73)] ReadMemory at 0x7ffab7eca9a4 of 672 bytes failed: Only part of a ReadProcessMemory or WriteProcessMemory request was completed. (0x12B)
[0125/145625.944:ERROR:process_memory_win.cc(73)] ReadMemory at 0x7ffab7ece214 of 608 bytes failed: Only part of a ReadProcessMemory or WriteProcessMemory request was completed. (0x12B)
[0125/145625.944:ERROR:process_memory_win.cc(73)] ReadMemory at 0x7ffab7f49480 of 512 bytes failed: Only part of a ReadProcessMemory or WriteProcessMemory request was completed. (0x12B)
[0125/145625.944:ERROR:process_memory_win.cc(73)] ReadMemory at 0x7ffab7f502e0 of 18 bytes failed: Only part of a ReadProcessMemory or WriteProcessMemory request was completed. (0x12B)
[0125/145625.944:ERROR:process_memory_win.cc(73)] ReadMemory at 0x7ffab7f865b0 of 40 bytes failed: Only part of a ReadProcessMemory or WriteProcessMemory request was completed. (0x12B)
[0125/145625.944:ERROR:process_memory_win.cc(73)] ReadMemory at 0x7ffab7f86a08 of 48 bytes failed: Only part of a ReadProcessMemory or WriteProcessMemory request was completed. (0x12B)
[0125/145625.944:ERROR:process_memory_win.cc(73)] ReadMemory at 0x7ffab7f8c360 of 64 bytes failed: Only part of a ReadProcessMemory or WriteProcessMemory request was completed. (0x12B)
[0125/145626.211:ERROR:scoped_process_suspend.cc(40)] NtResumeProcess: An attempt was made to access an exiting process. (0xc000010a)
=======
[0112/110831.438:ERROR:directory_reader_win.cc(43)] FindFirstFile: The system cannot find the path specified. (0x3)
[0125/104556.757:ERROR:directory_reader_win.cc(43)] FindFirstFile: The system cannot find the path specified. (0x3)
>>>>>>> 31b7727bd4aa7c0f855b5398ef48ba9b74a0a053
[0126/214629.742:ERROR:directory_reader_win.cc(43)] FindFirstFile: The system cannot find the path specified. (0x3)
